Сборка начата 08.03.2016 22:59:16.
     1>Проект "G:\soft\c++\CourseProject\CourseProject\CourseProject.vcxproj" в узле 2 (целевые объекты Build).
     1>ClCompile:
         C:\Program Files (x86)\Microsoft Visual Studio 14.0\VC\bin\CL.exe /c /I"G:\soft\c++\CourseProject\SDL\SDL2_ttf-2.0.14\include" /I"G:\soft\c++\CourseProject\SDL\SDL2_image-2.0.0\include" /I"G:\soft\c++\CourseProject\SDL\SDL2-2.0.3\include" /ZI /nologo /W3 /WX- /Od /Oy- /D WIN32 /D _DEBUG /D _CONSOLE /D _UNICODE /D UNICODE /Gm /EHsc /RTC1 /MDd /GS /fp:precise /Zc:wchar_t /Zc:forScope /Zc:inline /Fo"Debug\\" /Fd"Debug\vc140.pdb" /FR"Debug\\" /Gd /TP /analyze- /errorReport:prompt Application.cpp Application_OnCleanup.cpp Application_OnInit.cpp GameStateManager.cpp ImageManager.cpp StateIntro.cpp Texture.cpp Timer.cpp tutorial.cpp
         tutorial.cpp
         Timer.cpp
         Texture.cpp
         StateIntro.cpp
         ImageManager.cpp
         GameStateManager.cpp
         Application_OnInit.cpp
         Application_OnCleanup.cpp
         Application.cpp
         Создание кода...
       Link:
         C:\Program Files (x86)\Microsoft Visual Studio 14.0\VC\bin\link.exe /ERRORREPORT:PROMPT /OUT:"G:\soft\c++\CourseProject\Debug\CourseProject.exe" /INCREMENTAL /NOLOGO /LIBPATH:"G:\soft\c++\CourseProject\SDL\SDL2_ttf-2.0.14\lib\x86" /LIBPATH:"G:\soft\c++\CourseProject\SDL\SDL2_image-2.0.0\lib\x86" /LIBPATH:"G:\soft\c++\CourseProject\SDL\SDL2-2.0.3\lib\x86" SDL2.lib SDL2main.lib SDL2_image.lib SDL2_ttf.lib kernel32.lib user32.lib gdi32.lib winspool.lib comdlg32.lib advapi32.lib shell32.lib ole32.lib oleaut32.lib uuid.lib odbc32.lib odbccp32.lib /MANIFEST /MANIFESTUAC:"level='asInvoker' uiAccess='false'" /manifest:embed /Debug /PDB:"G:\soft\c++\CourseProject\Debug\CourseProject.pdb" /SUBSYSTEM:CONSOLE /TLBID:1 /DYNAMICBASE /NXCOMPAT /IMPLIB:"G:\soft\c++\CourseProject\Debug\CourseProject.lib" /MACHINE:X86 Debug\Application.obj
         Debug\Application_OnCleanup.obj
         Debug\Application_OnInit.obj
         Debug\GameStateManager.obj
         Debug\ImageManager.obj
         Debug\StateIntro.obj
         Debug\Texture.obj
         Debug\Timer.obj
         Debug\tutorial.obj
         CourseProject.vcxproj -> G:\soft\c++\CourseProject\Debug\CourseProject.exe
       BscMake:
         C:\Program Files (x86)\Microsoft Visual Studio 14.0\VC\bin\bscmake.exe /nologo /o"G:\soft\c++\CourseProject\Debug\CourseProject.bsc" /n Debug\Application.sbr Debug\Application_OnCleanup.sbr Debug\Application_OnInit.sbr Debug\GameStateManager.sbr Debug\ImageManager.sbr Debug\StateIntro.sbr Debug\Texture.sbr Debug\Timer.sbr Debug\tutorial.sbr
     1>Сборка проекта "G:\soft\c++\CourseProject\CourseProject\CourseProject.vcxproj" завершена (целевые объекты Build).

Сборка успешно завершена.

Затраченное время: 00:00:03.61
